This file contains any messages produced by compilers while
running configure, to aid debugging if configure makes a mistake.

It was created by configure, which was
generated by GNU Autoconf 2.71.  Invocation command line was

  $ ./configure

## --------- ##
## Platform. ##
## --------- ##

hostname = KissLandmini
uname -m = arm64
uname -r = 21.1.0
uname -s = Darwin
uname -v = Darwin Kernel Version 21.1.0: Wed Oct 13 17:33:24 PDT 2021; root:xnu-8019.41.5~1/RELEASE_ARM64_T8101

/usr/bin/uname -p = arm
/bin/uname -X     = unknown

/bin/arch              = unknown
/usr/bin/arch -k       = unknown
/usr/convex/getsysinfo = unknown
/usr/bin/hostinfo      = Mach kernel version:
	 Darwin Kernel Version 21.1.0: Wed Oct 13 17:33:24 PDT 2021; root:xnu-8019.41.5~1/RELEASE_ARM64_T8101
Kernel configured for up to 8 processors.
8 processors are physically available.
8 processors are logically available.
Processor type: arm64e (ARM64E)
Processors active: 0 1 2 3 4 5 6 7
Primary memory available: 16.00 gigabytes
Default processor set: 609 tasks, 3112 threads, 8 processors
Load average: 1.14, Mach factor: 6.85
/bin/machine           = unknown
/usr/bin/oslevel       = unknown
/bin/universe          = unknown

PATH: /Library/Frameworks/Python.framework/Versions/3.9/bin/
PATH: /usr/local/bin/
PATH: /usr/bin/
PATH: /bin/
PATH: /usr/sbin/
PATH: /sbin/
PATH: /Library/TeX/texbin/
PATH: /Library/Apple/usr/bin/


## ----------- ##
## Core tests. ##
## ----------- ##

configure:2707: looking for aux files: install-sh config.guess config.sub
configure:2720:  trying ./
configure:2731:   ./install-sh found
configure:2749:   ./config.guess found
configure:2749:   ./config.sub found
configure:2989: checking build system type
configure:3004: result: aarch64-apple-darwin21.1.0
configure:3024: checking host system type
configure:3038: result: aarch64-apple-darwin21.1.0
configure:3136: checking for gcc
configure:3157: found /usr/bin/gcc
configure:3168: result: gcc
configure:3521: checking for C compiler version
configure:3530: gcc --version >&5
Apple clang version 12.0.5 (clang-1205.0.22.9)
Target: arm64-apple-darwin21.1.0
Thread model: posix
InstalledDir: /Library/Developer/CommandLineTools/usr/bin
Configured with: --prefix=/Library/Developer/CommandLineTools/usr --with-gxx-include-dir=/Library/Developer/CommandLineTools/SDKs/MacOSX.sdk/usr/include/c++/4.2.1
configure:3541: $? = 0
configure:3530: gcc -v >&5
Configured with: --prefix=/Library/Developer/CommandLineTools/usr --with-gxx-include-dir=/Library/Developer/CommandLineTools/SDKs/MacOSX.sdk/usr/include/c++/4.2.1
Apple clang version 12.0.5 (clang-1205.0.22.9)
Target: arm64-apple-darwin21.1.0
Thread model: posix
InstalledDir: /Library/Developer/CommandLineTools/usr/bin
configure:3541: $? = 0
configure:3530: gcc -V >&5
clang: error: argument to '-V' is missing (expected 1 value)
clang: error: no input files
configure:3541: $? = 1
configure:3530: gcc -qversion >&5
clang: error: unknown argument '-qversion'; did you mean '--version'?
clang: error: no input files
configure:3541: $? = 1
configure:3530: gcc -version >&5
clang: error: unknown argument '-version'; did you mean '--version'?
clang: error: no input files
configure:3541: $? = 1
configure:3561: checking whether the C compiler works
configure:3583: gcc    conftest.c  >&5
configure:3587: $? = 0
configure:3637: result: yes
configure:3640: checking for C compiler default output file name
configure:3642: result: a.out
configure:3648: checking for suffix of executables
configure:3655: gcc -o conftest    conftest.c  >&5
configure:3659: $? = 0
configure:3682: result: 
configure:3704: checking whether we are cross compiling
configure:3712: gcc -o conftest    conftest.c  >&5
configure:3716: $? = 0
configure:3723: ./conftest
configure:3727: $? = 0
configure:3742: result: no
configure:3747: checking for suffix of object files
configure:3770: gcc -c   conftest.c >&5
configure:3774: $? = 0
configure:3796: result: o
configure:3800: checking whether the compiler supports GNU C
configure:3820: gcc -c   conftest.c >&5
configure:3820: $? = 0
configure:3830: result: yes
configure:3841: checking whether gcc accepts -g
configure:3862: gcc -c -g  conftest.c >&5
configure:3862: $? = 0
configure:3906: result: yes
configure:3926: checking for gcc option to enable C11 features
configure:3941: gcc  -c -g -O2  conftest.c >&5
configure:3941: $? = 0
configure:3959: result: none needed
configure:4080: checking for special C compiler options needed for large files
configure:4128: result: no
configure:4134: checking for _FILE_OFFSET_BITS value needed for large files
configure:4160: gcc -c   conftest.c >&5
configure:4160: $? = 0
configure:4194: result: no
configure:4353: checking if gcc supports -O4 -Werror flags
configure:4369: gcc -c -O4 -Werror  conftest.c >&5
clang: error: -O4 is equivalent to -O3 [-Werror,-Wdeprecated]
configure:4369: $? = 1
configure: failed program was:
| /* confdefs.h */
| #define PACKAGE_NAME ""
| #define PACKAGE_TARNAME ""
| #define PACKAGE_VERSION ""
| #define PACKAGE_STRING ""
| #define PACKAGE_BUGREPORT ""
| #define PACKAGE_URL ""
| /* end confdefs.h.  */
| 
| int
| main (void)
| {
| 
|   ;
|   return 0;
| }
configure:4377: result: no
configure:4386: checking if gcc supports -O3 flags
configure:4402: gcc -c -O3  conftest.c >&5
configure:4402: $? = 0
configure:4410: result: yes
configure:4468: checking for sys/wait.h that is POSIX.1 compatible
configure:4495: gcc -c  -O3  conftest.c >&5
configure:4495: $? = 0
configure:4503: result: yes
configure:4515: checking for stdio.h
configure:4515: gcc -c  -O3  conftest.c >&5
configure:4515: $? = 0
configure:4515: result: yes
configure:4515: checking for stdlib.h
configure:4515: gcc -c  -O3  conftest.c >&5
configure:4515: $? = 0
configure:4515: result: yes
configure:4515: checking for string.h
configure:4515: gcc -c  -O3  conftest.c >&5
configure:4515: $? = 0
configure:4515: result: yes
configure:4515: checking for inttypes.h
configure:4515: gcc -c  -O3  conftest.c >&5
configure:4515: $? = 0
configure:4515: result: yes
configure:4515: checking for stdint.h
configure:4515: gcc -c  -O3  conftest.c >&5
configure:4515: $? = 0
configure:4515: result: yes
configure:4515: checking for strings.h
configure:4515: gcc -c  -O3  conftest.c >&5
configure:4515: $? = 0
configure:4515: result: yes
configure:4515: checking for sys/stat.h
configure:4515: gcc -c  -O3  conftest.c >&5
configure:4515: $? = 0
configure:4515: result: yes
configure:4515: checking for sys/types.h
configure:4515: gcc -c  -O3  conftest.c >&5
configure:4515: $? = 0
configure:4515: result: yes
configure:4515: checking for unistd.h
configure:4515: gcc -c  -O3  conftest.c >&5
configure:4515: $? = 0
configure:4515: result: yes
configure:4515: checking for vfork.h
configure:4515: gcc -c  -O3  conftest.c >&5
conftest.c:47:10: fatal error: 'vfork.h' file not found
#include <vfork.h>
         ^~~~~~~~~
1 error generated.
configure:4515: $? = 1
configure: failed program was:
| /* confdefs.h */
| #define PACKAGE_NAME ""
| #define PACKAGE_TARNAME ""
| #define PACKAGE_VERSION ""
| #define PACKAGE_STRING ""
| #define PACKAGE_BUGREPORT ""
| #define PACKAGE_URL ""
| #define HAVE_SYS_WAIT_H 1
| #define HAVE_STDIO_H 1
| #define HAVE_STDLIB_H 1
| #define HAVE_STRING_H 1
| #define HAVE_INTTYPES_H 1
| #define HAVE_STDINT_H 1
| #define HAVE_STRINGS_H 1
| #define HAVE_SYS_STAT_H 1
| #define HAVE_SYS_TYPES_H 1
| #define HAVE_UNISTD_H 1
| /* end confdefs.h.  */
| #include <stddef.h>
| #ifdef HAVE_STDIO_H
| # include <stdio.h>
| #endif
| #ifdef HAVE_STDLIB_H
| # include <stdlib.h>
| #endif
| #ifdef HAVE_STRING_H
| # include <string.h>
| #endif
| #ifdef HAVE_INTTYPES_H
| # include <inttypes.h>
| #endif
| #ifdef HAVE_STDINT_H
| # include <stdint.h>
| #endif
| #ifdef HAVE_STRINGS_H
| # include <strings.h>
| #endif
| #ifdef HAVE_SYS_TYPES_H
| # include <sys/types.h>
| #endif
| #ifdef HAVE_SYS_STAT_H
| # include <sys/stat.h>
| #endif
| #ifdef HAVE_UNISTD_H
| # include <unistd.h>
| #endif
| #include <vfork.h>
configure:4515: result: no
configure:4540: checking for signal.h
configure:4540: gcc -c  -O3  conftest.c >&5
configure:4540: $? = 0
configure:4540: result: yes
configure:4546: checking for stddef.h
configure:4546: gcc -c  -O3  conftest.c >&5
configure:4546: $? = 0
configure:4546: result: yes
configure:4552: checking for unistd.h
configure:4552: result: yes
configure:4558: checking for sys/types.h
configure:4558: result: yes
configure:4564: checking for sys/wait.h
configure:4564: result: yes
configure:4570: checking for stdlib.h
configure:4570: result: yes
configure:4576: checking for string.h
configure:4576: result: yes
configure:4582: checking for errno.h
configure:4582: gcc -c  -O3  conftest.c >&5
configure:4582: $? = 0
configure:4582: result: yes
configure:4588: checking for limits.h
configure:4588: gcc -c  -O3  conftest.c >&5
configure:4588: $? = 0
configure:4588: result: yes
configure:4594: checking for stdint.h
configure:4594: result: yes
configure:4663: checking for pid_t
configure:4663: gcc -c  -O3  conftest.c >&5
configure:4663: $? = 0
configure:4663: gcc -c  -O3  conftest.c >&5
conftest.c:62:20: error: expected expression
if (sizeof ((pid_t)))
                   ^
1 error generated.
configure:4663: $? = 1
configure: failed program was:
| /* confdefs.h */
| #define PACKAGE_NAME ""
| #define PACKAGE_TARNAME ""
| #define PACKAGE_VERSION ""
| #define PACKAGE_STRING ""
| #define PACKAGE_BUGREPORT ""
| #define PACKAGE_URL ""
| #define HAVE_SYS_WAIT_H 1
| #define HAVE_STDIO_H 1
| #define HAVE_STDLIB_H 1
| #define HAVE_STRING_H 1
| #define HAVE_INTTYPES_H 1
| #define HAVE_STDINT_H 1
| #define HAVE_STRINGS_H 1
| #define HAVE_SYS_STAT_H 1
| #define HAVE_SYS_TYPES_H 1
| #define HAVE_UNISTD_H 1
| #define STDC_HEADERS 1
| #define HAVE_SIGNAL_H 1
| #define HAVE_STDDEF_H 1
| #define HAVE_UNISTD_H 1
| #define HAVE_SYS_TYPES_H 1
| #define HAVE_SYS_WAIT_H 1
| #define HAVE_STDLIB_H 1
| #define HAVE_STRING_H 1
| #define HAVE_ERRNO_H 1
| #define HAVE_LIMITS_H 1
| #define HAVE_STDINT_H 1
| /* end confdefs.h.  */
| #include <stddef.h>
| #ifdef HAVE_STDIO_H
| # include <stdio.h>
| #endif
| #ifdef HAVE_STDLIB_H
| # include <stdlib.h>
| #endif
| #ifdef HAVE_STRING_H
| # include <string.h>
| #endif
| #ifdef HAVE_INTTYPES_H
| # include <inttypes.h>
| #endif
| #ifdef HAVE_STDINT_H
| # include <stdint.h>
| #endif
| #ifdef HAVE_STRINGS_H
| # include <strings.h>
| #endif
| #ifdef HAVE_SYS_TYPES_H
| # include <sys/types.h>
| #endif
| #ifdef HAVE_SYS_STAT_H
| # include <sys/stat.h>
| #endif
| #ifdef HAVE_UNISTD_H
| # include <unistd.h>
| #endif
| 
| int
| main (void)
| {
| if (sizeof ((pid_t)))
| 	    return 0;
|   ;
|   return 0;
| }
configure:4663: result: yes
configure:4706: checking for gcc options needed to detect all undeclared functions
configure:4728: gcc -c  -O3   conftest.c >&5
conftest.c:34:8: error: implicitly declaring library function 'strchr' with type 'char *(const char *, int)' [-Werror,-Wimplicit-function-declaration]
(void) strchr;
       ^
conftest.c:34:8: note: include the header <string.h> or explicitly provide a declaration for 'strchr'
1 error generated.
configure:4728: $? = 1
configure: failed program was:
| /* confdefs.h */
| #define PACKAGE_NAME ""
| #define PACKAGE_TARNAME ""
| #define PACKAGE_VERSION ""
| #define PACKAGE_STRING ""
| #define PACKAGE_BUGREPORT ""
| #define PACKAGE_URL ""
| #define HAVE_SYS_WAIT_H 1
| #define HAVE_STDIO_H 1
| #define HAVE_STDLIB_H 1
| #define HAVE_STRING_H 1
| #define HAVE_INTTYPES_H 1
| #define HAVE_STDINT_H 1
| #define HAVE_STRINGS_H 1
| #define HAVE_SYS_STAT_H 1
| #define HAVE_SYS_TYPES_H 1
| #define HAVE_UNISTD_H 1
| #define STDC_HEADERS 1
| #define HAVE_SIGNAL_H 1
| #define HAVE_STDDEF_H 1
| #define HAVE_UNISTD_H 1
| #define HAVE_SYS_TYPES_H 1
| #define HAVE_SYS_WAIT_H 1
| #define HAVE_STDLIB_H 1
| #define HAVE_STRING_H 1
| #define HAVE_ERRNO_H 1
| #define HAVE_LIMITS_H 1
| #define HAVE_STDINT_H 1
| /* end confdefs.h.  */
| 
| int
| main (void)
| {
| (void) strchr;
|   ;
|   return 0;
| }
configure:4755: gcc -c  -O3   conftest.c >&5
configure:4755: $? = 0
configure:4772: result: none needed
configure:4786: checking whether ftell is declared
configure:4786: gcc -c  -O3   conftest.c >&5
configure:4786: $? = 0
configure:4786: result: yes
configure:4795: checking whether popen is declared
configure:4795: gcc -c  -O3   conftest.c >&5
configure:4795: $? = 0
configure:4795: result: yes
configure:4804: checking whether fdopen is declared
configure:4804: gcc -c  -O3   conftest.c >&5
configure:4804: $? = 0
configure:4804: result: yes
configure:4813: checking whether putenv is declared
configure:4813: gcc -c  -O3   conftest.c >&5
configure:4813: $? = 0
configure:4813: result: yes
configure:4822: checking whether setenv is declared
configure:4822: gcc -c  -O3   conftest.c >&5
configure:4822: $? = 0
configure:4822: result: yes
configure:4831: checking whether malloc is declared
configure:4831: gcc -c  -O3   conftest.c >&5
configure:4831: $? = 0
configure:4831: result: yes
configure:4843: checking how to run the C preprocessor
configure:4869: gcc -E  conftest.c
configure:4869: $? = 0
configure:4884: gcc -E  conftest.c
conftest.c:30:10: fatal error: 'ac_nonexistent.h' file not found
#include <ac_nonexistent.h>
         ^~~~~~~~~~~~~~~~~~
1 error generated.
configure:4884: $? = 1
configure: failed program was:
| /* confdefs.h */
| #define PACKAGE_NAME ""
| #define PACKAGE_TARNAME ""
| #define PACKAGE_VERSION ""
| #define PACKAGE_STRING ""
| #define PACKAGE_BUGREPORT ""
| #define PACKAGE_URL ""
| #define HAVE_SYS_WAIT_H 1
| #define HAVE_STDIO_H 1
| #define HAVE_STDLIB_H 1
| #define HAVE_STRING_H 1
| #define HAVE_INTTYPES_H 1
| #define HAVE_STDINT_H 1
| #define HAVE_STRINGS_H 1
| #define HAVE_SYS_STAT_H 1
| #define HAVE_SYS_TYPES_H 1
| #define HAVE_UNISTD_H 1
| #define STDC_HEADERS 1
| #define HAVE_SIGNAL_H 1
| #define HAVE_STDDEF_H 1
| #define HAVE_UNISTD_H 1
| #define HAVE_SYS_TYPES_H 1
| #define HAVE_SYS_WAIT_H 1
| #define HAVE_STDLIB_H 1
| #define HAVE_STRING_H 1
| #define HAVE_ERRNO_H 1
| #define HAVE_LIMITS_H 1
| #define HAVE_STDINT_H 1
| /* end confdefs.h.  */
| #include <ac_nonexistent.h>
configure:4911: result: gcc -E
configure:4925: gcc -E  conftest.c
configure:4925: $? = 0
configure:4940: gcc -E  conftest.c
conftest.c:30:10: fatal error: 'ac_nonexistent.h' file not found
#include <ac_nonexistent.h>
         ^~~~~~~~~~~~~~~~~~
1 error generated.
configure:4940: $? = 1
configure: failed program was:
| /* confdefs.h */
| #define PACKAGE_NAME ""
| #define PACKAGE_TARNAME ""
| #define PACKAGE_VERSION ""
| #define PACKAGE_STRING ""
| #define PACKAGE_BUGREPORT ""
| #define PACKAGE_URL ""
| #define HAVE_SYS_WAIT_H 1
| #define HAVE_STDIO_H 1
| #define HAVE_STDLIB_H 1
| #define HAVE_STRING_H 1
| #define HAVE_INTTYPES_H 1
| #define HAVE_STDINT_H 1
| #define HAVE_STRINGS_H 1
| #define HAVE_SYS_STAT_H 1
| #define HAVE_SYS_TYPES_H 1
| #define HAVE_UNISTD_H 1
| #define STDC_HEADERS 1
| #define HAVE_SIGNAL_H 1
| #define HAVE_STDDEF_H 1
| #define HAVE_UNISTD_H 1
| #define HAVE_SYS_TYPES_H 1
| #define HAVE_SYS_WAIT_H 1
| #define HAVE_STDLIB_H 1
| #define HAVE_STRING_H 1
| #define HAVE_ERRNO_H 1
| #define HAVE_LIMITS_H 1
| #define HAVE_STDINT_H 1
| /* end confdefs.h.  */
| #include <ac_nonexistent.h>
configure:4971: checking for grep that handles long lines and -e
configure:5035: result: /usr/bin/grep
configure:5040: checking for egrep
configure:5108: result: /usr/bin/grep -E
configure:5132: checking if compiler accepts flexible array members
configure:5146: gcc -c  -O3  conftest.c >&5
configure:5146: $? = 0
configure:5154: result: 1
configure:5157: checking if INFINITY is declared in math.h
configure:5178: result: 1
configure:5185: checking size of int
configure:5191: gcc -o conftest  -O3   conftest.c  >&5
configure:5191: $? = 0
configure:5191: ./conftest
configure:5191: $? = 0
configure:5206: result: 4
configure:5219: checking size of long
configure:5225: gcc -o conftest  -O3   conftest.c  >&5
configure:5225: $? = 0
configure:5225: ./conftest
configure:5225: $? = 0
configure:5240: result: 8
configure:5253: checking size of long long
configure:5259: gcc -o conftest  -O3   conftest.c  >&5
configure:5259: $? = 0
configure:5259: ./conftest
configure:5259: $? = 0
configure:5274: result: 8
configure:5287: checking size of void*
configure:5293: gcc -o conftest  -O3   conftest.c  >&5
configure:5293: $? = 0
configure:5293: ./conftest
configure:5293: $? = 0
configure:5308: result: 8
configure:5321: checking size of __int128
configure:5327: gcc -o conftest  -O3   conftest.c  >&5
configure:5327: $? = 0
configure:5327: ./conftest
configure:5327: $? = 0
configure:5342: result: 16
configure:5355: checking size of __int128_t
configure:5361: gcc -o conftest  -O3   conftest.c  >&5
configure:5361: $? = 0
configure:5361: ./conftest
configure:5361: $? = 0
configure:5376: result: 16
configure:5403: checking for isatty
configure:5403: gcc -o conftest  -O3   conftest.c  >&5
configure:5403: $? = 0
configure:5403: result: yes
configure:5412: checking for time
configure:5412: gcc -o conftest  -O3   conftest.c  >&5
configure:5412: $? = 0
configure:5412: result: yes
configure:5421: checking for gettimeofday
configure:5421: gcc -o conftest  -O3   conftest.c  >&5
configure:5421: $? = 0
configure:5421: result: yes
configure:5430: checking for times
configure:5430: gcc -o conftest  -O3   conftest.c  >&5
configure:5430: $? = 0
configure:5430: result: yes
configure:5439: checking for getrusage
configure:5439: gcc -o conftest  -O3   conftest.c  >&5
configure:5439: $? = 0
configure:5439: result: yes
configure:5448: checking for perror
configure:5448: gcc -o conftest  -O3   conftest.c  >&5
configure:5448: $? = 0
configure:5448: result: yes
configure:5457: checking for pipe
configure:5457: gcc -o conftest  -O3   conftest.c  >&5
configure:5457: $? = 0
configure:5457: result: yes
configure:5466: checking for wait
configure:5466: gcc -o conftest  -O3   conftest.c  >&5
configure:5466: $? = 0
configure:5466: result: yes
configure:5475: checking for popen
configure:5475: gcc -o conftest  -O3   conftest.c  >&5
configure:5475: $? = 0
configure:5475: result: yes
configure:5484: checking for putenv
configure:5484: gcc -o conftest  -O3   conftest.c  >&5
configure:5484: $? = 0
configure:5484: result: yes
configure:5493: checking for setenv
configure:5493: gcc -o conftest  -O3   conftest.c  >&5
configure:5493: $? = 0
configure:5493: result: yes
configure:5507: checking for fork
configure:5507: gcc -o conftest  -O3   conftest.c  >&5
configure:5507: $? = 0
configure:5507: result: yes
configure:5507: checking for vfork
configure:5507: gcc -o conftest  -O3   conftest.c  >&5
conftest.c:53:6: warning: incompatible redeclaration of library function 'vfork' [-Wincompatible-library-redeclaration]
char vfork ();
     ^
conftest.c:53:6: note: 'vfork' is a builtin with type 'int (void)'
1 warning generated.
configure:5507: $? = 0
configure:5507: result: yes
configure:5520: checking for working fork
configure:5544: gcc -o conftest  -O3   conftest.c  >&5
configure:5544: $? = 0
configure:5544: ./conftest
configure:5544: $? = 0
configure:5555: result: yes
configure:5576: checking for working vfork
configure:5705: result: yes
configure:5737: checking for fseeko
configure:5737: gcc -o conftest  -O3   conftest.c  >&5
configure:5737: $? = 0
configure:5737: result: yes
configure:5746: checking for sigaction
configure:5746: gcc -o conftest  -O3   conftest.c  >&5
configure:5746: $? = 0
configure:5746: result: yes
configure:5755: checking for sigprocmask
configure:5755: gcc -o conftest  -O3   conftest.c  >&5
configure:5755: $? = 0
configure:5755: result: yes
configure:5765: checking if popcnt instruction is available and requested
configure:5785: gcc -o conftest  -O3   conftest.c  >&5
conftest.c:44:5: error: use of unknown builtin '__builtin_cpu_supports' [-Wimplicit-function-declaration]
if (__builtin_cpu_supports("popcnt")) return 0; else return 1;
    ^
1 error generated.
configure:5785: $? = 1
configure: program exited with status 1
configure: failed program was:
| /* confdefs.h */
| #define PACKAGE_NAME ""
| #define PACKAGE_TARNAME ""
| #define PACKAGE_VERSION ""
| #define PACKAGE_STRING ""
| #define PACKAGE_BUGREPORT ""
| #define PACKAGE_URL ""
| #define HAVE_SYS_WAIT_H 1
| #define HAVE_STDIO_H 1
| #define HAVE_STDLIB_H 1
| #define HAVE_STRING_H 1
| #define HAVE_INTTYPES_H 1
| #define HAVE_STDINT_H 1
| #define HAVE_STRINGS_H 1
| #define HAVE_SYS_STAT_H 1
| #define HAVE_SYS_TYPES_H 1
| #define HAVE_UNISTD_H 1
| #define STDC_HEADERS 1
| #define HAVE_SIGNAL_H 1
| #define HAVE_STDDEF_H 1
| #define HAVE_UNISTD_H 1
| #define HAVE_SYS_TYPES_H 1
| #define HAVE_SYS_WAIT_H 1
| #define HAVE_STDLIB_H 1
| #define HAVE_STRING_H 1
| #define HAVE_ERRNO_H 1
| #define HAVE_LIMITS_H 1
| #define HAVE_STDINT_H 1
| #define SIZEOF_INT 4
| #define SIZEOF_LONG 8
| #define SIZEOF_LONG_LONG 8
| #define SIZEOF_VOIDP 8
| #define SIZEOF___INT128 16
| #define SIZEOF___INT128_T 16
| #define HAVE_FORK 1
| #define HAVE_VFORK 1
| #define HAVE_WORKING_VFORK 1
| #define HAVE_WORKING_FORK 1
| /* end confdefs.h.  */
| 
| int
| main (void)
| {
| if (__builtin_cpu_supports("popcnt")) return 0; else return 1;
|   ;
|   return 0;
| }
configure:5808: result: 0
configure:5938: checking if gcc supports -march=native
configure:5948: gcc -c  -O3 -march=native  conftest.c >&5
clang: error: the clang compiler does not support '-march=native'
configure:5948: $? = 1
configure: failed program was:
| /* confdefs.h */
| #define PACKAGE_NAME ""
| #define PACKAGE_TARNAME ""
| #define PACKAGE_VERSION ""
| #define PACKAGE_STRING ""
| #define PACKAGE_BUGREPORT ""
| #define PACKAGE_URL ""
| #define HAVE_SYS_WAIT_H 1
| #define HAVE_STDIO_H 1
| #define HAVE_STDLIB_H 1
| #define HAVE_STRING_H 1
| #define HAVE_INTTYPES_H 1
| #define HAVE_STDINT_H 1
| #define HAVE_STRINGS_H 1
| #define HAVE_SYS_STAT_H 1
| #define HAVE_SYS_TYPES_H 1
| #define HAVE_UNISTD_H 1
| #define STDC_HEADERS 1
| #define HAVE_SIGNAL_H 1
| #define HAVE_STDDEF_H 1
| #define HAVE_UNISTD_H 1
| #define HAVE_SYS_TYPES_H 1
| #define HAVE_SYS_WAIT_H 1
| #define HAVE_STDLIB_H 1
| #define HAVE_STRING_H 1
| #define HAVE_ERRNO_H 1
| #define HAVE_LIMITS_H 1
| #define HAVE_STDINT_H 1
| #define SIZEOF_INT 4
| #define SIZEOF_LONG 8
| #define SIZEOF_LONG_LONG 8
| #define SIZEOF_VOIDP 8
| #define SIZEOF___INT128 16
| #define SIZEOF___INT128_T 16
| #define HAVE_FORK 1
| #define HAVE_VFORK 1
| #define HAVE_WORKING_VFORK 1
| #define HAVE_WORKING_FORK 1
| /* end confdefs.h.  */
| #include <stdio.h>
|                                         int main() { double t; long int q; scanf("%ld",&q);
|                                         t = q; printf("t = %f\n",t); return 0; }
| 
| 
configure:5955: result: no
configure:5962: checking if gcc supports -march=native -mno-avx flags
configure:5978: gcc -c -march=native -mno-avx  conftest.c >&5
clang: error: the clang compiler does not support '-march=native'
configure:5978: $? = 1
configure: failed program was:
| /* confdefs.h */
| #define PACKAGE_NAME ""
| #define PACKAGE_TARNAME ""
| #define PACKAGE_VERSION ""
| #define PACKAGE_STRING ""
| #define PACKAGE_BUGREPORT ""
| #define PACKAGE_URL ""
| #define HAVE_SYS_WAIT_H 1
| #define HAVE_STDIO_H 1
| #define HAVE_STDLIB_H 1
| #define HAVE_STRING_H 1
| #define HAVE_INTTYPES_H 1
| #define HAVE_STDINT_H 1
| #define HAVE_STRINGS_H 1
| #define HAVE_SYS_STAT_H 1
| #define HAVE_SYS_TYPES_H 1
| #define HAVE_UNISTD_H 1
| #define STDC_HEADERS 1
| #define HAVE_SIGNAL_H 1
| #define HAVE_STDDEF_H 1
| #define HAVE_UNISTD_H 1
| #define HAVE_SYS_TYPES_H 1
| #define HAVE_SYS_WAIT_H 1
| #define HAVE_STDLIB_H 1
| #define HAVE_STRING_H 1
| #define HAVE_ERRNO_H 1
| #define HAVE_LIMITS_H 1
| #define HAVE_STDINT_H 1
| #define SIZEOF_INT 4
| #define SIZEOF_LONG 8
| #define SIZEOF_LONG_LONG 8
| #define SIZEOF_VOIDP 8
| #define SIZEOF___INT128 16
| #define SIZEOF___INT128_T 16
| #define HAVE_FORK 1
| #define HAVE_VFORK 1
| #define HAVE_WORKING_VFORK 1
| #define HAVE_WORKING_FORK 1
| /* end confdefs.h.  */
| 
| int
| main (void)
| {
| 
|   ;
|   return 0;
| }
configure:5986: result: no
configure:6004: checking if lzcnt instruction is available and requested
configure:6017: result: 0
configure:6023: checking if __builtin_clz() is supported
configure:6029: gcc -o conftest  -O3   conftest.c  >&5
configure:6029: $? = 0
configure:6037: result: 1
configure:6039: checking if __builtin_clzl() is supported
configure:6045: gcc -o conftest  -O3   conftest.c  >&5
configure:6045: $? = 0
configure:6053: result: 1
configure:6055: checking if __builtin_clzll() is supported
configure:6061: gcc -o conftest  -O3   conftest.c  >&5
configure:6061: $? = 0
configure:6069: result: 1
configure:6094: checking for getc_unlocked
configure:6094: gcc -o conftest  -O3   conftest.c  >&5
configure:6094: $? = 0
configure:6094: result: yes
configure:6102: checking for flockfile
configure:6102: gcc -o conftest  -O3   conftest.c  >&5
configure:6102: $? = 0
configure:6102: result: yes
configure:6119: checking for thread local storage (TLS) class
configure:6142: gcc -c  -O3  conftest.c >&5
conftest.c:44:9: error: unknown type name 'thread_local'
static  thread_local  int bar;
        ^
1 error generated.
configure:6142: $? = 1
configure: failed program was:
| /* confdefs.h */
| #define PACKAGE_NAME ""
| #define PACKAGE_TARNAME ""
| #define PACKAGE_VERSION ""
| #define PACKAGE_STRING ""
| #define PACKAGE_BUGREPORT ""
| #define PACKAGE_URL ""
| #define HAVE_SYS_WAIT_H 1
| #define HAVE_STDIO_H 1
| #define HAVE_STDLIB_H 1
| #define HAVE_STRING_H 1
| #define HAVE_INTTYPES_H 1
| #define HAVE_STDINT_H 1
| #define HAVE_STRINGS_H 1
| #define HAVE_SYS_STAT_H 1
| #define HAVE_SYS_TYPES_H 1
| #define HAVE_UNISTD_H 1
| #define STDC_HEADERS 1
| #define HAVE_SIGNAL_H 1
| #define HAVE_STDDEF_H 1
| #define HAVE_UNISTD_H 1
| #define HAVE_SYS_TYPES_H 1
| #define HAVE_SYS_WAIT_H 1
| #define HAVE_STDLIB_H 1
| #define HAVE_STRING_H 1
| #define HAVE_ERRNO_H 1
| #define HAVE_LIMITS_H 1
| #define HAVE_STDINT_H 1
| #define SIZEOF_INT 4
| #define SIZEOF_LONG 8
| #define SIZEOF_LONG_LONG 8
| #define SIZEOF_VOIDP 8
| #define SIZEOF___INT128 16
| #define SIZEOF___INT128_T 16
| #define HAVE_FORK 1
| #define HAVE_VFORK 1
| #define HAVE_WORKING_VFORK 1
| #define HAVE_WORKING_FORK 1
| /* end confdefs.h.  */
| #include <stdlib.h>
| int
| main (void)
| {
| static  thread_local  int bar;
| 
|   ;
|   return 0;
| }
configure:6142: gcc -c  -O3  conftest.c >&5
configure:6142: $? = 0
configure:6156: result: _Thread_local
configure:6240: checking for gsort
configure:6275: result: no
configure:6240: checking for sort
configure:6261: found /usr/bin/sort
configure:6272: result: sort
configure:6286: checking if sort supports the -k switch
configure:6295: result: 1
configure:6302: checking for a race-free mkdir -p
configure:6346: result: ./install-sh -c -d
configure:6364: checking for a BSD-compatible install
configure:6437: result: /usr/bin/install -c
configure:6601: creating ./config.status

## ---------------------- ##
## Running config.status. ##
## ---------------------- ##

This file was extended by config.status, which was
generated by GNU Autoconf 2.71.  Invocation command line was

  CONFIG_FILES    = 
  CONFIG_HEADERS  = 
  CONFIG_LINKS    = 
  CONFIG_COMMANDS = 
  $ ./config.status 

on KissLandmini

config.status:802: creating makefile
config.status:802: creating nauty.h
config.status:802: creating naututil.h
config.status:802: creating gtools.h
config.status:802: creating nauty.pc

## ---------------- ##
## Cache variables. ##
## ---------------- ##

ac_cv_build=aarch64-apple-darwin21.1.0
ac_cv_c_compiler_gnu=yes
ac_cv_c_undeclared_builtin_options='none needed'
ac_cv_env_CC_set=
ac_cv_env_CC_value=
ac_cv_env_CFLAGS_set=
ac_cv_env_CFLAGS_value=
ac_cv_env_CPPFLAGS_set=
ac_cv_env_CPPFLAGS_value=
ac_cv_env_CPP_set=
ac_cv_env_CPP_value=
ac_cv_env_LDFLAGS_set=
ac_cv_env_LDFLAGS_value=
ac_cv_env_LIBS_set=
ac_cv_env_LIBS_value=
ac_cv_env_build_alias_set=
ac_cv_env_build_alias_value=
ac_cv_env_host_alias_set=
ac_cv_env_host_alias_value=
ac_cv_env_target_alias_set=
ac_cv_env_target_alias_value=
ac_cv_func_flockfile=yes
ac_cv_func_fork=yes
ac_cv_func_fork_works=yes
ac_cv_func_fseeko=yes
ac_cv_func_getc_unlocked=yes
ac_cv_func_getrusage=yes
ac_cv_func_gettimeofday=yes
ac_cv_func_isatty=yes
ac_cv_func_perror=yes
ac_cv_func_pipe=yes
ac_cv_func_popen=yes
ac_cv_func_putenv=yes
ac_cv_func_setenv=yes
ac_cv_func_sigaction=yes
ac_cv_func_sigprocmask=yes
ac_cv_func_time=yes
ac_cv_func_times=yes
ac_cv_func_vfork=yes
ac_cv_func_vfork_works=yes
ac_cv_func_wait=yes
ac_cv_have_decl_fdopen=yes
ac_cv_have_decl_ftell=yes
ac_cv_have_decl_malloc=yes
ac_cv_have_decl_popen=yes
ac_cv_have_decl_putenv=yes
ac_cv_have_decl_setenv=yes
ac_cv_header_errno_h=yes
ac_cv_header_inttypes_h=yes
ac_cv_header_limits_h=yes
ac_cv_header_signal_h=yes
ac_cv_header_stddef_h=yes
ac_cv_header_stdint_h=yes
ac_cv_header_stdio_h=yes
ac_cv_header_stdlib_h=yes
ac_cv_header_string_h=yes
ac_cv_header_strings_h=yes
ac_cv_header_sys_stat_h=yes
ac_cv_header_sys_types_h=yes
ac_cv_header_sys_wait_h=yes
ac_cv_header_unistd_h=yes
ac_cv_header_vfork_h=no
ac_cv_host=aarch64-apple-darwin21.1.0
ac_cv_native_ok=no
ac_cv_objext=o
ac_cv_path_EGREP='/usr/bin/grep -E'
ac_cv_path_GREP=/usr/bin/grep
ac_cv_path_install='/usr/bin/install -c'
ac_cv_prog_CPP='gcc -E'
ac_cv_prog_ac_ct_CC=gcc
ac_cv_prog_cc_c11=
ac_cv_prog_cc_g=yes
ac_cv_prog_cc_stdc=
ac_cv_prog_sort_prog=sort
ac_cv_sizeof___int128=16
ac_cv_sizeof___int128_t=16
ac_cv_sizeof_int=4
ac_cv_sizeof_long=8
ac_cv_sizeof_long_long=8
ac_cv_sizeof_voidp=8
ac_cv_sys_file_offset_bits=0
ac_cv_sys_largefile_CC=no
ac_cv_tls=_Thread_local
ac_cv_try_cflags_ok=no
ac_cv_type_pid_t=yes

## ----------------- ##
## Output variables. ##
## ----------------- ##

CC='gcc'
CFLAGS=' -O3'
CPP='gcc -E'
CPPFLAGS=''
DEFS='-DPACKAGE_NAME=\"\" -DPACKAGE_TARNAME=\"\" -DPACKAGE_VERSION=\"\" -DPACKAGE_STRING=\"\" -DPACKAGE_BUGREPORT=\"\" -DPACKAGE_URL=\"\" -DHAVE_SYS_WAIT_H=1 -DHAVE_STDIO_H=1 -DHAVE_STDLIB_H=1 -DHAVE_STRING_H=1 -DHAVE_INTTYPES_H=1 -DHAVE_STDINT_H=1 -DHAVE_STRINGS_H=1 -DHAVE_SYS_STAT_H=1 -DHAVE_SYS_TYPES_H=1 -DHAVE_UNISTD_H=1 -DSTDC_HEADERS=1 -DHAVE_SIGNAL_H=1 -DHAVE_STDDEF_H=1 -DHAVE_UNISTD_H=1 -DHAVE_SYS_TYPES_H=1 -DHAVE_SYS_WAIT_H=1 -DHAVE_STDLIB_H=1 -DHAVE_STRING_H=1 -DHAVE_ERRNO_H=1 -DHAVE_LIMITS_H=1 -DHAVE_STDINT_H=1 -DSIZEOF_INT=4 -DSIZEOF_LONG=8 -DSIZEOF_LONG_LONG=8 -DSIZEOF_VOIDP=8 -DSIZEOF___INT128=16 -DSIZEOF___INT128_T=16 -DHAVE_FORK=1 -DHAVE_VFORK=1 -DHAVE_WORKING_VFORK=1 -DHAVE_WORKING_FORK=1 -DTLS=_Thread_local'
ECHO_C='\c'
ECHO_N=''
ECHO_T=''
EGREP='/usr/bin/grep -E'
EXEEXT=''
GREP='/usr/bin/grep'
INSTALL_DATA='${INSTALL} -m 644'
INSTALL_PROGRAM='${INSTALL}'
INSTALL_SCRIPT='${INSTALL}'
LDFLAGS=''
LIBOBJS=''
LIBS=''
LTLIBOBJS=''
MKDIR_P='./install-sh -c -d'
MORECFLAGS=''
OBJEXT='o'
PACKAGE_BUGREPORT=''
PACKAGE_NAME=''
PACKAGE_STRING=''
PACKAGE_TARNAME=''
PACKAGE_URL=''
PACKAGE_VERSION=''
PATH_SEPARATOR=':'
SHELL='/bin/sh'
ac_ct_CC='gcc'
ac_cv_sizeof___int128='16'
ac_cv_sizeof___int128_t='16'
ac_cv_sizeof_int='4'
ac_cv_sizeof_long='8'
ac_cv_sizeof_long_long='8'
ac_cv_sizeof_voidp='8'
ac_cv_sys_file_offset_bits='0'
ac_cv_tls='_Thread_local'
allow_interrupt='1'
bindir='${exec_prefix}/bin'
build='aarch64-apple-darwin21.1.0'
build_alias=''
build_cpu='aarch64'
build_os='darwin21.1.0'
build_vendor='apple'
datadir='${datarootdir}'
datarootdir='${prefix}/share'
default_wordsize='0'
docdir='${datarootdir}/doc/${PACKAGE}'
dvidir='${docdir}'
edit_msg='++++++ This file is automatically generated, don'\''t edit it by hand! ++++++'
exec_prefix='${prefix}'
fdopen_dec='1'
flex_array_ok='1'
ftell_dec='1'
has_math_inf='1'
have_ansicontrols='0'
have_clz='1'
have_clzl='1'
have_clzll='1'
have_fork='1'
have_fseeko='1'
have_getrusage='1'
have_gettimeofday='1'
have_hwlzcnt='0'
have_hwpopcnt='0'
have_isatty='1'
have_mmpop32='0'
have_mmpop64='0'
have_perror='1'
have_pid_t='1'
have_pipe='1'
have_popcnt='0'
have_popcntl='0'
have_popcntll='0'
have_popen='1'
have_putenv='1'
have_setenv='1'
have_sigaction='1'
have_sigprocmask='1'
have_time='1'
have_times='1'
have_wait='1'
header_errno_h='1'
header_limits_h='1'
header_signal_h='1'
header_stddef_h='1'
header_stdint_h='1'
header_stdlib_h='1'
header_string_h='1'
header_sys_types_h='1'
header_sys_wait_h='1'
header_unistd_h='1'
host='aarch64-apple-darwin21.1.0'
host_alias=''
host_cpu='aarch64'
host_os='darwin21.1.0'
host_vendor='apple'
htmldir='${docdir}'
includedir='${prefix}/include'
infodir='${datarootdir}/info'
libdir='${exec_prefix}/lib'
libexecdir='${exec_prefix}/libexec'
localedir='${datarootdir}/locale'
localstatedir='${prefix}/var'
lok='1'
malloc_dec='1'
mandir='${datarootdir}/man'
oldincludedir='/usr/include'
pdfdir='${docdir}'
popen_dec='1'
prefix='/usr/local'
program_transform_name='s,x,x,'
psdir='${docdir}'
putenv_dec='1'
runstatedir='${localstatedir}/run'
sbindir='${exec_prefix}/sbin'
setenv_dec='1'
sharedstatedir='${prefix}/com'
shortg_or_null='shortg'
sort_newparams_ok='1'
sort_prog='sort'
stdio_nolock='1'
sysconfdir='${prefix}/etc'
target_alias=''
testprogs='dreadtest dreadtestS dreadtestS1 dreadtest4K dreadtest1 dreadtestW dreadtestW1 dreadtestL1 dreadtestL'
tls_supported='1'
use_tls=''

## ----------- ##
## confdefs.h. ##
## ----------- ##

/* confdefs.h */
#define PACKAGE_NAME ""
#define PACKAGE_TARNAME ""
#define PACKAGE_VERSION ""
#define PACKAGE_STRING ""
#define PACKAGE_BUGREPORT ""
#define PACKAGE_URL ""
#define HAVE_SYS_WAIT_H 1
#define HAVE_STDIO_H 1
#define HAVE_STDLIB_H 1
#define HAVE_STRING_H 1
#define HAVE_INTTYPES_H 1
#define HAVE_STDINT_H 1
#define HAVE_STRINGS_H 1
#define HAVE_SYS_STAT_H 1
#define HAVE_SYS_TYPES_H 1
#define HAVE_UNISTD_H 1
#define STDC_HEADERS 1
#define HAVE_SIGNAL_H 1
#define HAVE_STDDEF_H 1
#define HAVE_UNISTD_H 1
#define HAVE_SYS_TYPES_H 1
#define HAVE_SYS_WAIT_H 1
#define HAVE_STDLIB_H 1
#define HAVE_STRING_H 1
#define HAVE_ERRNO_H 1
#define HAVE_LIMITS_H 1
#define HAVE_STDINT_H 1
#define SIZEOF_INT 4
#define SIZEOF_LONG 8
#define SIZEOF_LONG_LONG 8
#define SIZEOF_VOIDP 8
#define SIZEOF___INT128 16
#define SIZEOF___INT128_T 16
#define HAVE_FORK 1
#define HAVE_VFORK 1
#define HAVE_WORKING_VFORK 1
#define HAVE_WORKING_FORK 1
#define TLS _Thread_local

configure: exit 0
